1432391687: tid=1924096768 Using watcher mechanism fsevents
1432391687: tid=1924096768 file limit is 256 kern.maxfilesperproc=10240
1432391687: tid=1924096768 raised file limit to 10240
1432391687: tid=1924096768 Using socket from launchd as listening socket
1432391687: tid=1924096768 failed to parse json from /Users/harshagiri/work/src/teslon/rancher/rb/ui-0.20.0/.watchman.root.state: unable to open /Users/harshagiri/work/src/teslon/rancher/rb/ui-0.20.0/.watchman.root.state: No such file or directory
1432391690: tid=268709888 path /Users/harshagiri/work/src/teslon/rancher/rb/ui-0.20.0/app is on filesystem type hfs
2015-05-23 20:04 watchman[34677] (FSEvents.framework) FSEventStreamStart: register_with_server: ERROR: f2d_register_rpc() => (null) (-21)
1432391690: tid=271605760 failed to start fsevents thread: FSEventStreamStart failed
1432391690: tid=271605760 failed to start root /Users/harshagiri/work/src/teslon/rancher/rb/ui-0.20.0/app, cancelling watch: FSEventStreamStart failed
1432391690: tid=271605760 path /Users/harshagiri/work/src/teslon/rancher/rb/ui-0.20.0/config is on filesystem type hfs
2015-05-23 20:04 watchman[34677] (FSEvents.framework) FSEventStreamStart: register_with_server: ERROR: f2d_register_rpc() => (null) (-21)
1432391690: tid=273190912 failed to start fsevents thread: FSEventStreamStart failed
1432391690: tid=273190912 failed to start root /Users/harshagiri/work/src/teslon/rancher/rb/ui-0.20.0/config, cancelling watch: FSEventStreamStart failed
1432391690: tid=286789632 path /Users/harshagiri/work/src/teslon/rancher/rb/ui-0.20.0/bower_components/loader.js is on filesystem type hfs
2015-05-23 20:04 watchman[34677] (FSEvents.framework) FSEventStreamStart: register_with_server: ERROR: f2d_register_rpc() => (null) (-21)
1432391690: tid=287326208 failed to start fsevents thread: FSEventStreamStart failed
1432391690: tid=287326208 failed to start root /Users/harshagiri/work/src/teslon/rancher/rb/ui-0.20.0/bower_components/loader.js, cancelling watch: FSEventStreamStart failed
1432391690: tid=287326208 path /Users/harshagiri/work/src/teslon/rancher/rb/ui-0.20.0/bower_components/jquery/dist is on filesystem type hfs
2015-05-23 20:04 watchman[34677] (FSEvents.framework) FSEventStreamStart: register_with_server: ERROR: f2d_register_rpc() => (null) (-21)
1432391690: tid=288911360 failed to start fsevents thread: FSEventStreamStart failed
1432391690: tid=288911360 failed to start root /Users/harshagiri/work/src/teslon/rancher/rb/ui-0.20.0/bower_components/jquery/dist, cancelling watch: FSEventStreamStart failed
1432391690: tid=288911360 path /Users/harshagiri/work/src/teslon/rancher/rb/ui-0.20.0/bower_components/ember is on filesystem type hfs
2015-05-23 20:04 watchman[34677] (FSEvents.framework) FSEventStreamStart: register_with_server: ERROR: f2d_register_rpc() => (null) (-21)
1432391690: tid=291545088 failed to start fsevents thread: FSEventStreamStart failed
1432391690: tid=291545088 failed to start root /Users/harshagiri/work/src/teslon/rancher/rb/ui-0.20.0/bower_components/ember, cancelling watch: FSEventStreamStart failed
1432391690: tid=291545088 path /Users/harshagiri/work/src/teslon/rancher/rb/ui-0.20.0/bower_components/ember-cli-shims is on filesystem type hfs
2015-05-23 20:04 watchman[34677] (FSEvents.framework) FSEventStreamStart: register_with_server: ERROR: f2d_register_rpc() => (null) (-21)
1432391690: tid=294178816 failed to start fsevents thread: FSEventStreamStart failed
1432391690: tid=294178816 failed to start root /Users/harshagiri/work/src/teslon/rancher/rb/ui-0.20.0/bower_components/ember-cli-shims, cancelling watch: FSEventStreamStart failed
1432391690: tid=294178816 path /Users/harshagiri/work/src/teslon/rancher/rb/ui-0.20.0/bower_components/ember-resolver/dist/modules is on filesystem type hfs
1432391690: tid=302080000 path /Users/harshagiri/work/src/teslon/rancher/rb/ui-0.20.0/bower_components/ember-load-initializers is on filesystem type hfs
2015-05-23 20:04 watchman[34677] (FSEvents.framework) FSEventStreamStart: register_with_server: ERROR: f2d_register_rpc() => (null) (-21)
1432391690: tid=296812544 failed to start fsevents thread: FSEventStreamStart failed
1432391690: tid=296812544 failed to start root /Users/harshagiri/work/src/teslon/rancher/rb/ui-0.20.0/bower_components/ember-resolver/dist/modules, cancelling watch: FSEventStreamStart failed
2015-05-23 20:04 watchman[34677] (FSEvents.framework) FSEventStreamStart: register_with_server: ERROR: f2d_register_rpc() => (null) (-21)
1432391690: tid=304713728 failed to start fsevents thread: FSEventStreamStart failed
1432391690: tid=304713728 failed to start root /Users/harshagiri/work/src/teslon/rancher/rb/ui-0.20.0/bower_components/ember-load-initializers, cancelling watch: FSEventStreamStart failed
1432391690: tid=296812544 path /Users/harshagiri/work/src/teslon/rancher/rb/ui-0.20.0/bower_components/ember-qunit is on filesystem type hfs
2015-05-23 20:04 watchman[34677] (FSEvents.framework) FSEventStreamStart: register_with_server: ERROR: f2d_register_rpc() => (null) (-21)
1432391690: tid=307859456 failed to start fsevents thread: FSEventStreamStart failed
1432391690: tid=307859456 failed to start root /Users/harshagiri/work/src/teslon/rancher/rb/ui-0.20.0/bower_components/ember-qunit, cancelling watch: FSEventStreamStart failed
1432391690: tid=299446272 path /Users/harshagiri/work/src/teslon/rancher/rb/ui-0.20.0/bower_components/qunit/qunit is on filesystem type hfs
2015-05-23 20:04 watchman[34677] (FSEvents.framework) FSEventStreamStart: register_with_server: ERROR: f2d_register_rpc() => (null) (-21)
1432391690: tid=307859456 failed to start fsevents thread: FSEventStreamStart failed
1432391690: tid=307859456 failed to start root /Users/harshagiri/work/src/teslon/rancher/rb/ui-0.20.0/bower_components/qunit/qunit, cancelling watch: FSEventStreamStart failed
1432391690: tid=307859456 path /Users/harshagiri/work/src/teslon/rancher/rb/ui-0.20.0/bower_components/qunit-notifications is on filesystem type hfs
2015-05-23 20:04 watchman[34677] (FSEvents.framework) FSEventStreamStart: register_with_server: ERROR: f2d_register_rpc() => (null) (-21)
1432391690: tid=310493184 failed to start fsevents thread: FSEventStreamStart failed
1432391690: tid=310493184 failed to start root /Users/harshagiri/work/src/teslon/rancher/rb/ui-0.20.0/bower_components/qunit-notifications, cancelling watch: FSEventStreamStart failed
1432391690: tid=310493184 path /Users/harshagiri/work/src/teslon/rancher/rb/ui-0.20.0/bower_components/ember-qunit-notifications is on filesystem type hfs
2015-05-23 20:04 watchman[34677] (FSEvents.framework) FSEventStreamStart: register_with_server: ERROR: f2d_register_rpc() => (null) (-21)
1432391690: tid=313126912 failed to start fsevents thread: FSEventStreamStart failed
1432391690: tid=313126912 failed to start root /Users/harshagiri/work/src/teslon/rancher/rb/ui-0.20.0/bower_components/ember-qunit-notifications, cancelling watch: FSEventStreamStart failed
1432391690: tid=313126912 path /Users/harshagiri/work/src/teslon/rancher/rb/ui-0.20.0/bower_components/bootstrap-sass-official/assets/javascripts is on filesystem type hfs
2015-05-23 20:04 watchman[34677] (FSEvents.framework) FSEventStreamStart: register_with_server: ERROR: f2d_register_rpc() => (null) (-21)
1432391690: tid=315760640 failed to start fsevents thread: FSEventStreamStart failed
1432391690: tid=315760640 failed to start root /Users/harshagiri/work/src/teslon/rancher/rb/ui-0.20.0/bower_components/bootstrap-sass-official/assets/javascripts, cancelling watch: FSEventStreamStart failed
1432391690: tid=315760640 path /Users/harshagiri/work/src/teslon/rancher/rb/ui-0.20.0/bower_components/jgrowl is on filesystem type hfs
2015-05-23 20:04 watchman[34677] (FSEvents.framework) FSEventStreamStart: register_with_server: ERROR: f2d_register_rpc() => (null) (-21)
1432391690: tid=318394368 failed to start fsevents thread: FSEventStreamStart failed
1432391690: tid=318394368 failed to start root /Users/harshagiri/work/src/teslon/rancher/rb/ui-0.20.0/bower_components/jgrowl, cancelling watch: FSEventStreamStart failed
1432391690: tid=318394368 path /Users/harshagiri/work/src/teslon/rancher/rb/ui-0.20.0/bower_components/jquery.cookie is on filesystem type hfs
2015-05-23 20:04 watchman[34677] (FSEvents.framework) FSEventStreamStart: register_with_server: ERROR: f2d_register_rpc() => (null) (-21)
1432391690: tid=321028096 failed to start fsevents thread: FSEventStreamStart failed
1432391690: tid=321028096 failed to start root /Users/harshagiri/work/src/teslon/rancher/rb/ui-0.20.0/bower_components/jquery.cookie, cancelling watch: FSEventStreamStart failed
1432391690: tid=321028096 path /Users/harshagiri/work/src/teslon/rancher/rb/ui-0.20.0/bower_components/ember-animate is on filesystem type hfs
2015-05-23 20:04 watchman[34677] (FSEvents.framework) FSEventStreamStart: register_with_server: ERROR: f2d_register_rpc() => (null) (-21)
1432391690: tid=323661824 failed to start fsevents thread: FSEventStreamStart failed
1432391690: tid=323661824 failed to start root /Users/harshagiri/work/src/teslon/rancher/rb/ui-0.20.0/bower_components/ember-animate, cancelling watch: FSEventStreamStart failed
1432391691: tid=323661824 path /Users/harshagiri/work/src/teslon/rancher/rb/ui-0.20.0/bower_components/d3 is on filesystem type hfs
2015-05-23 20:04 watchman[34677] (FSEvents.framework) FSEventStreamStart: register_with_server: ERROR: f2d_register_rpc() => (null) (-21)
1432391691: tid=326295552 failed to start fsevents thread: FSEventStreamStart failed
1432391691: tid=326295552 failed to start root /Users/harshagiri/work/src/teslon/rancher/rb/ui-0.20.0/bower_components/d3, cancelling watch: FSEventStreamStart failed
1432391691: tid=329465856 path /Users/harshagiri/work/src/teslon/rancher/rb/ui-0.20.0/bower_components/c3 is on filesystem type hfs
2015-05-23 20:04 watchman[34677] (FSEvents.framework) FSEventStreamStart: register_with_server: ERROR: f2d_register_rpc() => (null) (-21)
1432391691: tid=326295552 failed to start fsevents thread: FSEventStreamStart failed
1432391691: tid=326295552 failed to start root /Users/harshagiri/work/src/teslon/rancher/rb/ui-0.20.0/bower_components/c3, cancelling watch: FSEventStreamStart failed
1432391691: tid=326295552 path /Users/harshagiri/work/src/teslon/rancher/rb/ui-0.20.0/bower_components/zeroclipboard/dist is on filesystem type hfs
2015-05-23 20:04 watchman[34677] (FSEvents.framework) FSEventStreamStart: register_with_server: ERROR: f2d_register_rpc() => (null) (-21)
1432391691: tid=334196736 failed to start fsevents thread: FSEventStreamStart failed
1432391691: tid=334196736 failed to start root /Users/harshagiri/work/src/teslon/rancher/rb/ui-0.20.0/bower_components/zeroclipboard/dist, cancelling watch: FSEventStreamStart failed
1432391691: tid=327880704 path /Users/harshagiri/work/src/teslon/rancher/rb/ui-0.20.0/vendor/jquery.initialize is on filesystem type hfs
2015-05-23 20:04 watchman[34677] (FSEvents.framework) FSEventStreamStart: register_with_server: ERROR: f2d_register_rpc() => (null) (-21)
1432391691: tid=334196736 failed to start fsevents thread: FSEventStreamStart failed
1432391691: tid=334196736 failed to start root /Users/harshagiri/work/src/teslon/rancher/rb/ui-0.20.0/vendor/jquery.initialize, cancelling watch: FSEventStreamStart failed
1432391691: tid=334196736 path /Users/harshagiri/work/src/teslon/rancher/rb/ui-0.20.0/bower_components/bootstrap-multiselect/dist/js is on filesystem type hfs
1432391691: tid=340000768 path /Users/harshagiri/work/src/teslon/rancher/rb/ui-0.20.0/bower_components/bootstrap-multiselect/dist/css is on filesystem type hfs
2015-05-23 20:04 watchman[34677] (FSEvents.framework) FSEventStreamStart: register_with_server: ERROR: f2d_register_rpc() => (null) (-21)
1432391691: tid=335781888 failed to start fsevents thread: FSEventStreamStart failed
1432391691: tid=335781888 failed to start root /Users/harshagiri/work/src/teslon/rancher/rb/ui-0.20.0/bower_components/bootstrap-multiselect/dist/js, cancelling watch: FSEventStreamStart failed
2015-05-23 20:04 watchman[34677] (FSEvents.framework) FSEventStreamStart: register_with_server: ERROR: f2d_register_rpc() => (null) (-21)
1432391691: tid=340537344 failed to start fsevents thread: FSEventStreamStart failed
1432391691: tid=340537344 failed to start root /Users/harshagiri/work/src/teslon/rancher/rb/ui-0.20.0/bower_components/bootstrap-multiselect/dist/css, cancelling watch: FSEventStreamStart failed
1432391691: tid=335781888 path /Users/harshagiri/work/src/teslon/rancher/rb/ui-0.20.0/bower_components/prism is on filesystem type hfs
2015-05-23 20:04 watchman[34677] (FSEvents.framework) FSEventStreamStart: register_with_server: ERROR: f2d_register_rpc() => (null) (-21)
1432391691: tid=340537344 failed to start fsevents thread: FSEventStreamStart failed
1432391691: tid=340537344 failed to start root /Users/harshagiri/work/src/teslon/rancher/rb/ui-0.20.0/bower_components/prism, cancelling watch: FSEventStreamStart failed
1432391691: tid=338415616 path /Users/harshagiri/work/src/teslon/rancher/rb/ui-0.20.0/bower_components/prism/components is on filesystem type hfs
2015-05-23 20:04 watchman[34677] (FSEvents.framework) FSEventStreamStart: register_with_server: ERROR: f2d_register_rpc() => (null) (-21)
1432391691: tid=340537344 failed to start fsevents thread: FSEventStreamStart failed
1432391691: tid=340537344 failed to start root /Users/harshagiri/work/src/teslon/rancher/rb/ui-0.20.0/bower_components/prism/components, cancelling watch: FSEventStreamStart failed
1432391691: tid=340537344 path /Users/harshagiri/work/src/teslon/rancher/rb/ui-0.20.0/bower_components/lodash/dist is on filesystem type hfs
2015-05-23 20:04 watchman[34677] (FSEvents.framework) FSEventStreamStart: register_with_server: ERROR: f2d_register_rpc() => (null) (-21)
1432391691: tid=347365376 failed to start fsevents thread: FSEventStreamStart failed
1432391691: tid=347365376 failed to start root /Users/harshagiri/work/src/teslon/rancher/rb/ui-0.20.0/bower_components/lodash/dist, cancelling watch: FSEventStreamStart failed
1432391691: tid=347365376 path /Users/harshagiri/work/src/teslon/rancher/rb/ui-0.20.0/bower_components/graphlib/dist is on filesystem type hfs
2015-05-23 20:04 watchman[34677] (FSEvents.framework) FSEventStreamStart: register_with_server: ERROR: f2d_register_rpc() => (null) (-21)
1432391691: tid=349999104 failed to start fsevents thread: FSEventStreamStart failed
1432391691: tid=349999104 failed to start root /Users/harshagiri/work/src/teslon/rancher/rb/ui-0.20.0/bower_components/graphlib/dist, cancelling watch: FSEventStreamStart failed
1432391691: tid=349999104 path /Users/harshagiri/work/src/teslon/rancher/rb/ui-0.20.0/bower_components/dagre/dist is on filesystem type hfs
2015-05-23 20:04 watchman[34677] (FSEvents.framework) FSEventStreamStart: register_with_server: ERROR: f2d_register_rpc() => (null) (-21)
1432391691: tid=352632832 failed to start fsevents thread: FSEventStreamStart failed
1432391691: tid=352632832 failed to start root /Users/harshagiri/work/src/teslon/rancher/rb/ui-0.20.0/bower_components/dagre/dist, cancelling watch: FSEventStreamStart failed
1432391691: tid=349999104 path /Users/harshagiri/work/src/teslon/rancher/rb/ui-0.20.0/bower_components/dagre/dist is on filesystem type hfs
2015-05-23 20:04 watchman[34677] (FSEvents.framework) FSEventStreamStart: register_with_server: ERROR: f2d_register_rpc() => (null) (-21)
1432391691: tid=352632832 failed to start fsevents thread: FSEventStreamStart failed
1432391691: tid=352632832 failed to start root /Users/harshagiri/work/src/teslon/rancher/rb/ui-0.20.0/bower_components/dagre/dist, cancelling watch: FSEventStreamStart failed
1432391691: tid=352632832 path /Users/harshagiri/work/src/teslon/rancher/rb/ui-0.20.0/bower_components/dagre-d3/dist is on filesystem type hfs
2015-05-23 20:04 watchman[34677] (FSEvents.framework) FSEventStreamStart: register_with_server: ERROR: f2d_register_rpc() => (null) (-21)
1432391691: tid=354217984 failed to start fsevents thread: FSEventStreamStart failed
1432391691: tid=354217984 failed to start root /Users/harshagiri/work/src/teslon/rancher/rb/ui-0.20.0/bower_components/dagre-d3/dist, cancelling watch: FSEventStreamStart failed
1432391691: tid=354217984 path /Users/harshagiri/work/src/teslon/rancher/rb/ui-0.20.0/vendor is on filesystem type hfs
2015-05-23 20:04 watchman[34677] (FSEvents.framework) FSEventStreamStart: register_with_server: ERROR: f2d_register_rpc() => (null) (-21)
1432391691: tid=357900288 failed to start fsevents thread: FSEventStreamStart failed
1432391691: tid=357900288 failed to start root /Users/harshagiri/work/src/teslon/rancher/rb/ui-0.20.0/vendor, cancelling watch: FSEventStreamStart failed
1432391691: tid=357900288 path /Users/harshagiri/work/src/teslon/rancher/rb/ui-0.20.0/public is on filesystem type hfs
2015-05-23 20:04 watchman[34677] (FSEvents.framework) FSEventStreamStart: register_with_server: ERROR: f2d_register_rpc() => (null) (-21)
1432391691: tid=360534016 failed to start fsevents thread: FSEventStreamStart failed
1432391691: tid=360534016 failed to start root /Users/harshagiri/work/src/teslon/rancher/rb/ui-0.20.0/public, cancelling watch: FSEventStreamStart failed
